<?xml version="1.0" encoding="UTF-8"?>
<testng-results skipped="0" failed="0" total="1" passed="1">
  <reporter-output>
  </reporter-output>
  <suite name="SuiteName" duration-ms="21" started-at="2018-02-12T18:17:31Z" finished-at="2018-02-12T18:17:31Z">
    <groups>
    </groups>
    <test name="Test" duration-ms="21" started-at="2018-02-12T18:17:31Z" finished-at="2018-02-12T18:17:31Z">
      <class name="testing">
        <test-method status="PASS" signature="printName()[pri:0, instance:testing@1b40d5f0]" name="printName" duration-ms="7" started-at="2018-02-12T12:17:31Z" finished-at="2018-02-12T12:17:31Z">
          <reporter-output>
          </reporter-output>
        </test-method> <!-- printName -->
      </class> <!-- testing -->
    </test> <!-- Test -->
  </suite> <!-- SuiteName -->
</testng-results>
